  Matrices49860489.cpp
c:\users\home\desktop\컴퓨터 그래픽스 기말과제\matrices49860489.cpp(298): warning C4100: 'lpCmdLine': 참조되지 않은 정식 매개 변수입니다.
c:\users\home\desktop\컴퓨터 그래픽스 기말과제\matrices49860489.cpp(297): warning C4100: 'hPrevInstance': 참조되지 않은 정식 매개 변수입니다.
c:\users\home\desktop\컴퓨터 그래픽스 기말과제\matrices49860489.cpp(473): warning C4244: '인수': 'float'에서 'UINT'(으)로 변환하면서 데이터가 손실될 수 있습니다.
c:\users\home\desktop\컴퓨터 그래픽스 기말과제\matrices49860489.cpp(488): warning C4244: '인수': 'float'에서 'UINT'(으)로 변환하면서 데이터가 손실될 수 있습니다.
c:\users\home\desktop\컴퓨터 그래픽스 기말과제\matrices49860489.cpp(503): warning C4244: '인수': 'float'에서 'UINT'(으)로 변환하면서 데이터가 손실될 수 있습니다.
c:\users\home\desktop\컴퓨터 그래픽스 기말과제\matrices49860489.cpp(518): warning C4244: '인수': 'float'에서 'UINT'(으)로 변환하면서 데이터가 손실될 수 있습니다.
c:\users\home\desktop\컴퓨터 그래픽스 기말과제\matrices49860489.cpp(533): warning C4244: '인수': 'float'에서 'UINT'(으)로 변환하면서 데이터가 손실될 수 있습니다.
c:\users\home\desktop\컴퓨터 그래픽스 기말과제\matrices49860489.cpp(548): warning C4244: '인수': 'float'에서 'UINT'(으)로 변환하면서 데이터가 손실될 수 있습니다.
c:\users\home\desktop\컴퓨터 그래픽스 기말과제\matrices49860489.cpp(563): warning C4244: '인수': 'float'에서 'UINT'(으)로 변환하면서 데이터가 손실될 수 있습니다.
c:\users\home\desktop\컴퓨터 그래픽스 기말과제\matrices49860489.cpp(621): warning C4244: '=': 'double'에서 'float'(으)로 변환하면서 데이터가 손실될 수 있습니다.
c:\users\home\desktop\컴퓨터 그래픽스 기말과제\matrices49860489.cpp(631): warning C4244: '=': 'double'에서 'float'(으)로 변환하면서 데이터가 손실될 수 있습니다.
c:\users\home\desktop\컴퓨터 그래픽스 기말과제\matrices49860489.cpp(641): warning C4244: '=': 'double'에서 'float'(으)로 변환하면서 데이터가 손실될 수 있습니다.
c:\users\home\desktop\컴퓨터 그래픽스 기말과제\matrices49860489.cpp(651): warning C4244: '=': 'double'에서 'float'(으)로 변환하면서 데이터가 손실될 수 있습니다.
c:\users\home\desktop\컴퓨터 그래픽스 기말과제\matrices49860489.cpp(706): warning C4244: '=': 'double'에서 'float'(으)로 변환하면서 데이터가 손실될 수 있습니다.
c:\users\home\desktop\컴퓨터 그래픽스 기말과제\matrices49860489.cpp(714): warning C4244: '초기화 중': 'double'에서 'int'(으)로 변환하면서 데이터가 손실될 수 있습니다.
c:\users\home\desktop\컴퓨터 그래픽스 기말과제\matrices49860489.cpp(895): warning C4244: '인수': 'float'에서 'int'(으)로 변환하면서 데이터가 손실될 수 있습니다.
c:\users\home\desktop\컴퓨터 그래픽스 기말과제\matrices49860489.cpp(900): warning C4456: 'part4' 선언은 이전 로컬 선언을 숨깁니다.
  c:\users\home\desktop\컴퓨터 그래픽스 기말과제\matrices49860489.cpp(804): note: 'part4' 선언을 참조하십시오.
c:\users\home\desktop\컴퓨터 그래픽스 기말과제\matrices49860489.cpp(903): warning C4456: 'center4' 선언은 이전 로컬 선언을 숨깁니다.
  c:\users\home\desktop\컴퓨터 그래픽스 기말과제\matrices49860489.cpp(807): note: 'center4' 선언을 참조하십시오.
c:\users\home\desktop\컴퓨터 그래픽스 기말과제\matrices49860489.cpp(904): warning C4456: 'position4' 선언은 이전 로컬 선언을 숨깁니다.
  c:\users\home\desktop\컴퓨터 그래픽스 기말과제\matrices49860489.cpp(808): note: 'position4' 선언을 참조하십시오.
c:\users\home\desktop\컴퓨터 그래픽스 기말과제\matrices49860489.cpp(908): warning C4456: 'part5' 선언은 이전 로컬 선언을 숨깁니다.
  c:\users\home\desktop\컴퓨터 그래픽스 기말과제\matrices49860489.cpp(812): note: 'part5' 선언을 참조하십시오.
c:\users\home\desktop\컴퓨터 그래픽스 기말과제\matrices49860489.cpp(914): warning C4456: 'center5' 선언은 이전 로컬 선언을 숨깁니다.
  c:\users\home\desktop\컴퓨터 그래픽스 기말과제\matrices49860489.cpp(818): note: 'center5' 선언을 참조하십시오.
c:\users\home\desktop\컴퓨터 그래픽스 기말과제\matrices49860489.cpp(915): warning C4456: 'position5' 선언은 이전 로컬 선언을 숨깁니다.
  c:\users\home\desktop\컴퓨터 그래픽스 기말과제\matrices49860489.cpp(819): note: 'position5' 선언을 참조하십시오.
  Matrices49860489_2010.vcxproj -> C:\Users\Home\Desktop\컴퓨터 그래픽스 기말과제\Debug\Matrices49860489.exe
  Matrices49860489_2010.vcxproj -> C:\Users\Home\Desktop\컴퓨터 그래픽스 기말과제\Debug\Matrices49860489.pdb (Full PDB)
